<?xml version="1.0" encoding="UTF-8"?>
<testng-results ignored="0" total="15" passed="14" failed="1" skipped="0">
  <reporter-output>
  </reporter-output>
  <suite started-at="2021-11-01T17:35:20 ICT" name="Default suite" finished-at="2021-11-01T17:36:38 ICT" duration-ms="77340">
    <groups>
    </groups>
    <test started-at="2021-11-01T17:35:20 ICT" name="Default test" finished-at="2021-11-01T17:36:38 ICT" duration-ms="77340">
      <class name="ass3_test_pagination_version1.ass3_test_pagination_version1">
        <test-method is-config="true" signature="beforeTest()[pri:0, instance:ass3_test_pagination_version1.ass3_test_pagination_version1@f5acb9d]" started-at="2021-11-01T17:35:20 ICT" name="beforeTest" finished-at="2021-11-01T17:35:22 ICT" duration-ms="1648" status="PASS">
          <reporter-output>
          </reporter-output>
        </test-method> <!-- beforeTest -->
        <test-method is-config="true" signature="beforeMethod()[pri:0, instance:ass3_test_pagination_version1.ass3_test_pagination_version1@f5acb9d]" started-at="2021-11-01T17:35:22 ICT" name="beforeMethod" finished-at="2021-11-01T17:35:25 ICT" duration-ms="2860" status="PASS">
          <reporter-output>
          </reporter-output>
        </test-method> <!-- beforeMethod -->
        <test-method signature="Pagination_001_001()[pri:0, instance:ass3_test_pagination_version1.ass3_test_pagination_version1@f5acb9d]" started-at="2021-11-01T17:35:25 ICT" name="Pagination_001_001" finished-at="2021-11-01T17:35:29 ICT" duration-ms="4105" status="PASS">
          <reporter-output>
          </reporter-output>
        </test-method> <!-- Pagination_001_001 -->
        <test-method is-config="true" signature="beforeMethod()[pri:0, instance:ass3_test_pagination_version1.ass3_test_pagination_version1@f5acb9d]" started-at="2021-11-01T17:35:29 ICT" name="beforeMethod" finished-at="2021-11-01T17:35:32 ICT" duration-ms="3392" status="PASS">
          <reporter-output>
          </reporter-output>
        </test-method> <!-- beforeMethod -->
        <test-method signature="Pagination_001_002()[pri:0, instance:ass3_test_pagination_version1.ass3_test_pagination_version1@f5acb9d]" started-at="2021-11-01T17:35:32 ICT" name="Pagination_001_002" finished-at="2021-11-01T17:35:34 ICT" duration-ms="1860" status="PASS">
          <reporter-output>
          </reporter-output>
        </test-method> <!-- Pagination_001_002 -->
        <test-method is-config="true" signature="beforeMethod()[pri:0, instance:ass3_test_pagination_version1.ass3_test_pagination_version1@f5acb9d]" started-at="2021-11-01T17:35:34 ICT" name="beforeMethod" finished-at="2021-11-01T17:35:35 ICT" duration-ms="1174" status="PASS">
          <reporter-output>
          </reporter-output>
        </test-method> <!-- beforeMethod -->
        <test-method signature="Pagination_001_003()[pri:0, instance:ass3_test_pagination_version1.ass3_test_pagination_version1@f5acb9d]" started-at="2021-11-01T17:35:35 ICT" name="Pagination_001_003" finished-at="2021-11-01T17:35:36 ICT" duration-ms="898" status="FAIL">
          <exception class="java.lang.AssertionError">
            <message>
              <![CDATA[expected [https://vn-z.vn/forums/tin-tuc-cong-nghe-va-doi-song.6/] but found [https://vn-z.vn/forums/tin-tuc-cong-nghe-va-doi-song.6/page-NaN]]]>
            </message>
            <full-stacktrace>
              <![CDATA[java.lang.AssertionError: expected [https://vn-z.vn/forums/tin-tuc-cong-nghe-va-doi-song.6/] but found [https://vn-z.vn/forums/tin-tuc-cong-nghe-va-doi-song.6/page-NaN]
at org.testng.Assert.fail(Assert.java:99)
at org.testng.Assert.failNotEquals(Assert.java:1037)
at org.testng.Assert.assertEqualsImpl(Assert.java:140)
at org.testng.Assert.assertEquals(Assert.java:122)
at org.testng.Assert.assertEquals(Assert.java:629)
at org.testng.Assert.assertEquals(Assert.java:639)
at ass3_test_pagination_version1.ass3_test_pagination_version1.Pagination_001_003(ass3_test_pagination_version1.java:73)
at java.base/jdk.internal.reflect.NativeMethodAccessorImpl.invoke0(Native Method)
at java.base/jdk.internal.reflect.NativeMethodAccessorImpl.invoke(NativeMethodAccessorImpl.java:78)
at java.base/jdk.internal.reflect.DelegatingMethodAccessorImpl.invoke(DelegatingMethodAccessorImpl.java:43)
at java.base/java.lang.reflect.Method.invoke(Method.java:567)
at org.testng.internal.MethodInvocationHelper.invokeMethod(MethodInvocationHelper.java:133)
at org.testng.internal.TestInvoker.invokeMethod(TestInvoker.java:598)
at org.testng.internal.TestInvoker.invokeTestMethod(TestInvoker.java:173)
at org.testng.internal.MethodRunner.runInSequence(MethodRunner.java:46)
at org.testng.internal.TestInvoker$MethodInvocationAgent.invoke(TestInvoker.java:824)
at org.testng.internal.TestInvoker.invokeTestMethods(TestInvoker.java:146)
at org.testng.internal.TestMethodWorker.invokeTestMethods(TestMethodWorker.java:146)
at org.testng.internal.TestMethodWorker.run(TestMethodWorker.java:128)
at java.base/java.util.ArrayList.forEach(ArrayList.java:1511)
at org.testng.TestRunner.privateRun(TestRunner.java:794)
at org.testng.TestRunner.run(TestRunner.java:596)
at org.testng.SuiteRunner.runTest(SuiteRunner.java:377)
at org.testng.SuiteRunner.runSequentially(SuiteRunner.java:371)
at org.testng.SuiteRunner.privateRun(SuiteRunner.java:332)
at org.testng.SuiteRunner.run(SuiteRunner.java:276)
at org.testng.SuiteRunnerWorker.runSuite(SuiteRunnerWorker.java:53)
at org.testng.SuiteRunnerWorker.run(SuiteRunnerWorker.java:96)
at org.testng.TestNG.runSuitesSequentially(TestNG.java:1212)
at org.testng.TestNG.runSuitesLocally(TestNG.java:1134)
at org.testng.TestNG.runSuites(TestNG.java:1063)
at org.testng.TestNG.run(TestNG.java:1031)
at org.testng.remote.AbstractRemoteTestNG.run(AbstractRemoteTestNG.java:115)
at org.testng.remote.RemoteTestNG.initAndRun(RemoteTestNG.java:251)
at org.testng.remote.RemoteTestNG.main(RemoteTestNG.java:77)
]]>
            </full-stacktrace>
          </exception> <!-- java.lang.AssertionError -->
          <reporter-output>
          </reporter-output>
        </test-method> <!-- Pagination_001_003 -->
        <test-method is-config="true" signature="beforeMethod()[pri:0, instance:ass3_test_pagination_version1.ass3_test_pagination_version1@f5acb9d]" started-at="2021-11-01T17:35:36 ICT" name="beforeMethod" finished-at="2021-11-01T17:35:37 ICT" duration-ms="1166" status="PASS">
          <reporter-output>
          </reporter-output>
        </test-method> <!-- beforeMethod -->
        <test-method signature="Pagination_001_004()[pri:0, instance:ass3_test_pagination_version1.ass3_test_pagination_version1@f5acb9d]" started-at="2021-11-01T17:35:37 ICT" name="Pagination_001_004" finished-at="2021-11-01T17:35:39 ICT" duration-ms="1532" status="PASS">
          <reporter-output>
          </reporter-output>
        </test-method> <!-- Pagination_001_004 -->
        <test-method is-config="true" signature="beforeMethod()[pri:0, instance:ass3_test_pagination_version1.ass3_test_pagination_version1@f5acb9d]" started-at="2021-11-01T17:35:39 ICT" name="beforeMethod" finished-at="2021-11-01T17:35:40 ICT" duration-ms="1077" status="PASS">
          <reporter-output>
          </reporter-output>
        </test-method> <!-- beforeMethod -->
        <test-method signature="Pagination_001_005()[pri:0, instance:ass3_test_pagination_version1.ass3_test_pagination_version1@f5acb9d]" started-at="2021-11-01T17:35:40 ICT" name="Pagination_001_005" finished-at="2021-11-01T17:35:41 ICT" duration-ms="1369" status="PASS">
          <reporter-output>
          </reporter-output>
        </test-method> <!-- Pagination_001_005 -->
        <test-method is-config="true" signature="beforeMethod()[pri:0, instance:ass3_test_pagination_version1.ass3_test_pagination_version1@f5acb9d]" started-at="2021-11-01T17:35:41 ICT" name="beforeMethod" finished-at="2021-11-01T17:35:43 ICT" duration-ms="1586" status="PASS">
          <reporter-output>
          </reporter-output>
        </test-method> <!-- beforeMethod -->
        <test-method signature="Pagination_001_006()[pri:0, instance:ass3_test_pagination_version1.ass3_test_pagination_version1@f5acb9d]" started-at="2021-11-01T17:35:43 ICT" name="Pagination_001_006" finished-at="2021-11-01T17:36:12 ICT" duration-ms="29019" status="PASS">
          <reporter-output>
          </reporter-output>
        </test-method> <!-- Pagination_001_006 -->
        <test-method is-config="true" signature="beforeMethod()[pri:0, instance:ass3_test_pagination_version1.ass3_test_pagination_version1@f5acb9d]" started-at="2021-11-01T17:36:12 ICT" name="beforeMethod" finished-at="2021-11-01T17:36:13 ICT" duration-ms="1376" status="PASS">
          <reporter-output>
          </reporter-output>
        </test-method> <!-- beforeMethod -->
        <test-method signature="Pagination_001_007()[pri:0, instance:ass3_test_pagination_version1.ass3_test_pagination_version1@f5acb9d]" started-at="2021-11-01T17:36:13 ICT" name="Pagination_001_007" finished-at="2021-11-01T17:36:15 ICT" duration-ms="2060" status="PASS">
          <reporter-output>
          </reporter-output>
        </test-method> <!-- Pagination_001_007 -->
        <test-method is-config="true" signature="beforeMethod()[pri:0, instance:ass3_test_pagination_version1.ass3_test_pagination_version1@f5acb9d]" started-at="2021-11-01T17:36:15 ICT" name="beforeMethod" finished-at="2021-11-01T17:36:17 ICT" duration-ms="1149" status="PASS">
          <reporter-output>
          </reporter-output>
        </test-method> <!-- beforeMethod -->
        <test-method signature="Pagination_001_008()[pri:0, instance:ass3_test_pagination_version1.ass3_test_pagination_version1@f5acb9d]" started-at="2021-11-01T17:36:17 ICT" name="Pagination_001_008" finished-at="2021-11-01T17:36:18 ICT" duration-ms="1755" status="PASS">
          <reporter-output>
          </reporter-output>
        </test-method> <!-- Pagination_001_008 -->
        <test-method is-config="true" signature="beforeMethod()[pri:0, instance:ass3_test_pagination_version1.ass3_test_pagination_version1@f5acb9d]" started-at="2021-11-01T17:36:18 ICT" name="beforeMethod" finished-at="2021-11-01T17:36:20 ICT" duration-ms="1264" status="PASS">
          <reporter-output>
          </reporter-output>
        </test-method> <!-- beforeMethod -->
        <test-method signature="Pagination_001_009()[pri:0, instance:ass3_test_pagination_version1.ass3_test_pagination_version1@f5acb9d]" started-at="2021-11-01T17:36:20 ICT" name="Pagination_001_009" finished-at="2021-11-01T17:36:25 ICT" duration-ms="5504" status="PASS">
          <reporter-output>
          </reporter-output>
        </test-method> <!-- Pagination_001_009 -->
        <test-method is-config="true" signature="beforeMethod()[pri:0, instance:ass3_test_pagination_version1.ass3_test_pagination_version1@f5acb9d]" started-at="2021-11-01T17:36:25 ICT" name="beforeMethod" finished-at="2021-11-01T17:36:26 ICT" duration-ms="1061" status="PASS">
          <reporter-output>
          </reporter-output>
        </test-method> <!-- beforeMethod -->
        <test-method signature="Pagination_001_011()[pri:0, instance:ass3_test_pagination_version1.ass3_test_pagination_version1@f5acb9d]" started-at="2021-11-01T17:36:26 ICT" name="Pagination_001_011" finished-at="2021-11-01T17:36:28 ICT" duration-ms="1498" status="PASS">
          <reporter-output>
          </reporter-output>
        </test-method> <!-- Pagination_001_011 -->
        <test-method is-config="true" signature="beforeMethod()[pri:0, instance:ass3_test_pagination_version1.ass3_test_pagination_version1@f5acb9d]" started-at="2021-11-01T17:36:28 ICT" name="beforeMethod" finished-at="2021-11-01T17:36:29 ICT" duration-ms="1095" status="PASS">
          <reporter-output>
          </reporter-output>
        </test-method> <!-- beforeMethod -->
        <test-method signature="Pagination_001_012()[pri:0, instance:ass3_test_pagination_version1.ass3_test_pagination_version1@f5acb9d]" started-at="2021-11-01T17:36:29 ICT" name="Pagination_001_012" finished-at="2021-11-01T17:36:30 ICT" duration-ms="1539" status="PASS">
          <reporter-output>
          </reporter-output>
        </test-method> <!-- Pagination_001_012 -->
        <test-method is-config="true" signature="beforeMethod()[pri:0, instance:ass3_test_pagination_version1.ass3_test_pagination_version1@f5acb9d]" started-at="2021-11-01T17:36:30 ICT" name="beforeMethod" finished-at="2021-11-01T17:36:31 ICT" duration-ms="995" status="PASS">
          <reporter-output>
          </reporter-output>
        </test-method> <!-- beforeMethod -->
        <test-method signature="Pagination_001_013()[pri:0, instance:ass3_test_pagination_version1.ass3_test_pagination_version1@f5acb9d]" started-at="2021-11-01T17:36:31 ICT" name="Pagination_001_013" finished-at="2021-11-01T17:36:31 ICT" duration-ms="190" status="PASS">
          <reporter-output>
          </reporter-output>
        </test-method> <!-- Pagination_001_013 -->
        <test-method is-config="true" signature="beforeMethod()[pri:0, instance:ass3_test_pagination_version1.ass3_test_pagination_version1@f5acb9d]" started-at="2021-11-01T17:36:31 ICT" name="beforeMethod" finished-at="2021-11-01T17:36:33 ICT" duration-ms="1494" status="PASS">
          <reporter-output>
          </reporter-output>
        </test-method> <!-- beforeMethod -->
        <test-method signature="Pagination_001_014()[pri:0, instance:ass3_test_pagination_version1.ass3_test_pagination_version1@f5acb9d]" started-at="2021-11-01T17:36:33 ICT" name="Pagination_001_014" finished-at="2021-11-01T17:36:34 ICT" duration-ms="619" status="PASS">
          <reporter-output>
          </reporter-output>
        </test-method> <!-- Pagination_001_014 -->
        <test-method is-config="true" signature="beforeMethod()[pri:0, instance:ass3_test_pagination_version1.ass3_test_pagination_version1@f5acb9d]" started-at="2021-11-01T17:36:34 ICT" name="beforeMethod" finished-at="2021-11-01T17:36:35 ICT" duration-ms="1091" status="PASS">
          <reporter-output>
          </reporter-output>
        </test-method> <!-- beforeMethod -->
        <test-method signature="Pagination_002_001()[pri:0, instance:ass3_test_pagination_version1.ass3_test_pagination_version1@f5acb9d]" started-at="2021-11-01T17:36:35 ICT" name="Pagination_002_001" finished-at="2021-11-01T17:36:36 ICT" duration-ms="1136" status="PASS">
          <reporter-output>
          </reporter-output>
        </test-method> <!-- Pagination_002_001 -->
        <test-method is-config="true" signature="beforeMethod()[pri:0, instance:ass3_test_pagination_version1.ass3_test_pagination_version1@f5acb9d]" started-at="2021-11-01T17:36:36 ICT" name="beforeMethod" finished-at="2021-11-01T17:36:37 ICT" duration-ms="1154" status="PASS">
          <reporter-output>
          </reporter-output>
        </test-method> <!-- beforeMethod -->
        <test-method signature="Pagination_002_002()[pri:0, instance:ass3_test_pagination_version1.ass3_test_pagination_version1@f5acb9d]" started-at="2021-11-01T17:36:37 ICT" name="Pagination_002_002" finished-at="2021-11-01T17:36:38 ICT" duration-ms="633" status="PASS">
          <reporter-output>
          </reporter-output>
        </test-method> <!-- Pagination_002_002 -->
        <test-method is-config="true" signature="afterTest()[pri:0, instance:ass3_test_pagination_version1.ass3_test_pagination_version1@f5acb9d]" started-at="2021-11-01T17:36:38 ICT" name="afterTest" finished-at="2021-11-01T17:36:38 ICT" duration-ms="0" status="PASS">
          <reporter-output>
          </reporter-output>
        </test-method> <!-- afterTest -->
      </class> <!-- ass3_test_pagination_version1.ass3_test_pagination_version1 -->
    </test> <!-- Default test -->
  </suite> <!-- Default suite -->
</testng-results>
